  spaceship.cpp
E:\4.2\Graphics\spaceship_assignment\spaceship.cpp(123,7): warning C4305: 'initializing': truncation from 'double' to 'float'
E:\4.2\Graphics\spaceship_assignment\spaceship.cpp(123,13): warning C4305: 'initializing': truncation from 'double' to 'float'
E:\4.2\Graphics\spaceship_assignment\spaceship.cpp(124,1): warning C4305: 'initializing': truncation from 'double' to 'float'
E:\4.2\Graphics\spaceship_assignment\spaceship.cpp(125,1): warning C4305: 'initializing': truncation from 'double' to 'float'
E:\4.2\Graphics\spaceship_assignment\spaceship.cpp(125,7): warning C4305: 'initializing': truncation from 'double' to 'float'
E:\4.2\Graphics\spaceship_assignment\spaceship.cpp(127,1): warning C4305: 'initializing': truncation from 'double' to 'float'
E:\4.2\Graphics\spaceship_assignment\spaceship.cpp(127,7): warning C4305: 'initializing': truncation from 'double' to 'float'
E:\4.2\Graphics\spaceship_assignment\spaceship.cpp(128,1): warning C4305: 'initializing': truncation from 'double' to 'float'
E:\4.2\Graphics\spaceship_assignment\spaceship.cpp(128,6): warning C4305: 'initializing': truncation from 'double' to 'float'
E:\4.2\Graphics\spaceship_assignment\spaceship.cpp(129,1): warning C4305: 'initializing': truncation from 'double' to 'float'
E:\4.2\Graphics\spaceship_assignment\spaceship.cpp(129,7): warning C4305: 'initializing': truncation from 'double' to 'float'
E:\4.2\Graphics\spaceship_assignment\spaceship.cpp(130,1): warning C4305: 'initializing': truncation from 'double' to 'float'
E:\4.2\Graphics\spaceship_assignment\spaceship.cpp(130,7): warning C4305: 'initializing': truncation from 'double' to 'float'
E:\4.2\Graphics\spaceship_assignment\spaceship.cpp(132,1): warning C4305: 'initializing': truncation from 'double' to 'float'
E:\4.2\Graphics\spaceship_assignment\spaceship.cpp(132,7): warning C4305: 'initializing': truncation from 'double' to 'float'
E:\4.2\Graphics\spaceship_assignment\spaceship.cpp(133,1): warning C4305: 'initializing': truncation from 'double' to 'float'
E:\4.2\Graphics\spaceship_assignment\spaceship.cpp(133,7): warning C4305: 'initializing': truncation from 'double' to 'float'
E:\4.2\Graphics\spaceship_assignment\spaceship.cpp(134,1): warning C4305: 'initializing': truncation from 'double' to 'float'
E:\4.2\Graphics\spaceship_assignment\spaceship.cpp(134,7): warning C4305: 'initializing': truncation from 'double' to 'float'
E:\4.2\Graphics\spaceship_assignment\spaceship.cpp(135,1): warning C4305: 'initializing': truncation from 'double' to 'float'
E:\4.2\Graphics\spaceship_assignment\spaceship.cpp(135,5): warning C4305: 'initializing': truncation from 'double' to 'float'
E:\4.2\Graphics\spaceship_assignment\spaceship.cpp(137,1): warning C4305: 'initializing': truncation from 'double' to 'float'
E:\4.2\Graphics\spaceship_assignment\spaceship.cpp(137,7): warning C4305: 'initializing': truncation from 'double' to 'float'
E:\4.2\Graphics\spaceship_assignment\spaceship.cpp(138,1): warning C4305: 'initializing': truncation from 'double' to 'float'
E:\4.2\Graphics\spaceship_assignment\spaceship.cpp(138,7): warning C4305: 'initializing': truncation from 'double' to 'float'
E:\4.2\Graphics\spaceship_assignment\spaceship.cpp(139,1): warning C4305: 'initializing': truncation from 'double' to 'float'
E:\4.2\Graphics\spaceship_assignment\spaceship.cpp(139,7): warning C4305: 'initializing': truncation from 'double' to 'float'
E:\4.2\Graphics\spaceship_assignment\spaceship.cpp(141,1): warning C4305: 'initializing': truncation from 'double' to 'float'
E:\4.2\Graphics\spaceship_assignment\spaceship.cpp(141,6): warning C4305: 'initializing': truncation from 'double' to 'float'
E:\4.2\Graphics\spaceship_assignment\spaceship.cpp(142,1): warning C4305: 'initializing': truncation from 'double' to 'float'
E:\4.2\Graphics\spaceship_assignment\spaceship.cpp(142,7): warning C4305: 'initializing': truncation from 'double' to 'float'
E:\4.2\Graphics\spaceship_assignment\spaceship.cpp(143,1): warning C4305: 'initializing': truncation from 'double' to 'float'
E:\4.2\Graphics\spaceship_assignment\spaceship.cpp(143,7): warning C4305: 'initializing': truncation from 'double' to 'float'
E:\4.2\Graphics\spaceship_assignment\spaceship.cpp(145,1): warning C4305: 'initializing': truncation from 'double' to 'float'
E:\4.2\Graphics\spaceship_assignment\spaceship.cpp(145,7): warning C4305: 'initializing': truncation from 'double' to 'float'
E:\4.2\Graphics\spaceship_assignment\spaceship.cpp(146,1): warning C4305: 'initializing': truncation from 'double' to 'float'
E:\4.2\Graphics\spaceship_assignment\spaceship.cpp(146,6): warning C4305: 'initializing': truncation from 'double' to 'float'
E:\4.2\Graphics\spaceship_assignment\spaceship.cpp(148,1): warning C4305: 'initializing': truncation from 'double' to 'float'
E:\4.2\Graphics\spaceship_assignment\spaceship.cpp(148,7): warning C4305: 'initializing': truncation from 'double' to 'float'
E:\4.2\Graphics\spaceship_assignment\spaceship.cpp(149,1): warning C4305: 'initializing': truncation from 'double' to 'float'
E:\4.2\Graphics\spaceship_assignment\spaceship.cpp(149,7): warning C4305: 'initializing': truncation from 'double' to 'float'
E:\4.2\Graphics\spaceship_assignment\spaceship.cpp(151,1): warning C4305: 'initializing': truncation from 'double' to 'float'
E:\4.2\Graphics\spaceship_assignment\spaceship.cpp(151,7): warning C4305: 'initializing': truncation from 'double' to 'float'
E:\4.2\Graphics\spaceship_assignment\spaceship.cpp(152,1): warning C4305: 'initializing': truncation from 'double' to 'float'
E:\4.2\Graphics\spaceship_assignment\spaceship.cpp(152,7): warning C4305: 'initializing': truncation from 'double' to 'float'
E:\4.2\Graphics\spaceship_assignment\spaceship.cpp(154,1): warning C4305: 'initializing': truncation from 'double' to 'float'
E:\4.2\Graphics\spaceship_assignment\spaceship.cpp(154,7): warning C4305: 'initializing': truncation from 'double' to 'float'
E:\4.2\Graphics\spaceship_assignment\spaceship.cpp(155,1): warning C4305: 'initializing': truncation from 'double' to 'float'
E:\4.2\Graphics\spaceship_assignment\spaceship.cpp(155,7): warning C4305: 'initializing': truncation from 'double' to 'float'
E:\4.2\Graphics\spaceship_assignment\spaceship.cpp(157,1): warning C4305: 'initializing': truncation from 'double' to 'float'
E:\4.2\Graphics\spaceship_assignment\spaceship.cpp(157,7): warning C4305: 'initializing': truncation from 'double' to 'float'
E:\4.2\Graphics\spaceship_assignment\spaceship.cpp(158,1): warning C4305: 'initializing': truncation from 'double' to 'float'
E:\4.2\Graphics\spaceship_assignment\spaceship.cpp(158,7): warning C4305: 'initializing': truncation from 'double' to 'float'
E:\4.2\Graphics\spaceship_assignment\spaceship.cpp(160,1): warning C4305: 'initializing': truncation from 'double' to 'float'
E:\4.2\Graphics\spaceship_assignment\spaceship.cpp(160,7): warning C4305: 'initializing': truncation from 'double' to 'float'
E:\4.2\Graphics\spaceship_assignment\spaceship.cpp(161,1): warning C4305: 'initializing': truncation from 'double' to 'float'
E:\4.2\Graphics\spaceship_assignment\spaceship.cpp(161,7): warning C4305: 'initializing': truncation from 'double' to 'float'
E:\4.2\Graphics\spaceship_assignment\spaceship.cpp(163,1): warning C4305: 'initializing': truncation from 'double' to 'float'
E:\4.2\Graphics\spaceship_assignment\spaceship.cpp(163,7): warning C4305: 'initializing': truncation from 'double' to 'float'
E:\4.2\Graphics\spaceship_assignment\spaceship.cpp(164,1): warning C4305: 'initializing': truncation from 'double' to 'float'
E:\4.2\Graphics\spaceship_assignment\spaceship.cpp(164,6): warning C4305: 'initializing': truncation from 'double' to 'float'
E:\4.2\Graphics\spaceship_assignment\spaceship.cpp(166,1): warning C4305: 'initializing': truncation from 'double' to 'float'
E:\4.2\Graphics\spaceship_assignment\spaceship.cpp(166,7): warning C4305: 'initializing': truncation from 'double' to 'float'
E:\4.2\Graphics\spaceship_assignment\spaceship.cpp(167,1): warning C4305: 'initializing': truncation from 'double' to 'float'
E:\4.2\Graphics\spaceship_assignment\spaceship.cpp(167,7): warning C4305: 'initializing': truncation from 'double' to 'float'
E:\4.2\Graphics\spaceship_assignment\spaceship.cpp(169,1): warning C4305: 'initializing': truncation from 'double' to 'float'
E:\4.2\Graphics\spaceship_assignment\spaceship.cpp(169,7): warning C4305: 'initializing': truncation from 'double' to 'float'
E:\4.2\Graphics\spaceship_assignment\spaceship.cpp(170,1): warning C4305: 'initializing': truncation from 'double' to 'float'
E:\4.2\Graphics\spaceship_assignment\spaceship.cpp(170,7): warning C4305: 'initializing': truncation from 'double' to 'float'
E:\4.2\Graphics\spaceship_assignment\spaceship.cpp(172,1): warning C4305: 'initializing': truncation from 'double' to 'float'
E:\4.2\Graphics\spaceship_assignment\spaceship.cpp(172,7): warning C4305: 'initializing': truncation from 'double' to 'float'
E:\4.2\Graphics\spaceship_assignment\spaceship.cpp(173,1): warning C4305: 'initializing': truncation from 'double' to 'float'
E:\4.2\Graphics\spaceship_assignment\spaceship.cpp(173,7): warning C4305: 'initializing': truncation from 'double' to 'float'
E:\4.2\Graphics\spaceship_assignment\spaceship.cpp(174,1): warning C4305: 'initializing': truncation from 'double' to 'float'
E:\4.2\Graphics\spaceship_assignment\spaceship.cpp(174,7): warning C4305: 'initializing': truncation from 'double' to 'float'
E:\4.2\Graphics\spaceship_assignment\spaceship.cpp(175,1): warning C4305: 'initializing': truncation from 'double' to 'float'
E:\4.2\Graphics\spaceship_assignment\spaceship.cpp(175,7): warning C4305: 'initializing': truncation from 'double' to 'float'
E:\4.2\Graphics\spaceship_assignment\spaceship.cpp(177,1): warning C4305: 'initializing': truncation from 'double' to 'float'
E:\4.2\Graphics\spaceship_assignment\spaceship.cpp(177,7): warning C4305: 'initializing': truncation from 'double' to 'float'
E:\4.2\Graphics\spaceship_assignment\spaceship.cpp(178,1): warning C4305: 'initializing': truncation from 'double' to 'float'
E:\4.2\Graphics\spaceship_assignment\spaceship.cpp(178,7): warning C4305: 'initializing': truncation from 'double' to 'float'
E:\4.2\Graphics\spaceship_assignment\spaceship.cpp(179,1): warning C4305: 'initializing': truncation from 'double' to 'float'
E:\4.2\Graphics\spaceship_assignment\spaceship.cpp(179,7): warning C4305: 'initializing': truncation from 'double' to 'float'
E:\4.2\Graphics\spaceship_assignment\spaceship.cpp(180,1): warning C4305: 'initializing': truncation from 'double' to 'float'
E:\4.2\Graphics\spaceship_assignment\spaceship.cpp(180,7): warning C4305: 'initializing': truncation from 'double' to 'float'
E:\4.2\Graphics\spaceship_assignment\spaceship.cpp(182,1): warning C4305: 'initializing': truncation from 'double' to 'float'
E:\4.2\Graphics\spaceship_assignment\spaceship.cpp(182,7): warning C4305: 'initializing': truncation from 'double' to 'float'
E:\4.2\Graphics\spaceship_assignment\spaceship.cpp(183,1): warning C4305: 'initializing': truncation from 'double' to 'float'
E:\4.2\Graphics\spaceship_assignment\spaceship.cpp(183,7): warning C4305: 'initializing': truncation from 'double' to 'float'
E:\4.2\Graphics\spaceship_assignment\spaceship.cpp(184,1): warning C4305: 'initializing': truncation from 'double' to 'float'
E:\4.2\Graphics\spaceship_assignment\spaceship.cpp(184,7): warning C4305: 'initializing': truncation from 'double' to 'float'
E:\4.2\Graphics\spaceship_assignment\spaceship.cpp(185,1): warning C4305: 'initializing': truncation from 'double' to 'float'
E:\4.2\Graphics\spaceship_assignment\spaceship.cpp(185,7): warning C4305: 'initializing': truncation from 'double' to 'float'
E:\4.2\Graphics\spaceship_assignment\spaceship.cpp(187,1): warning C4305: 'initializing': truncation from 'double' to 'float'
E:\4.2\Graphics\spaceship_assignment\spaceship.cpp(187,7): warning C4305: 'initializing': truncation from 'double' to 'float'
E:\4.2\Graphics\spaceship_assignment\spaceship.cpp(188,1): warning C4305: 'initializing': truncation from 'double' to 'float'
E:\4.2\Graphics\spaceship_assignment\spaceship.cpp(188,7): warning C4305: 'initializing': truncation from 'double' to 'float'
E:\4.2\Graphics\spaceship_assignment\spaceship.cpp(189,1): warning C4305: 'initializing': truncation from 'double' to 'float'
E:\4.2\Graphics\spaceship_assignment\spaceship.cpp(189,7): warning C4305: 'initializing': truncation from 'double' to 'float'
E:\4.2\Graphics\spaceship_assignment\spaceship.cpp(190,1): warning C4305: 'initializing': truncation from 'double' to 'float'
E:\4.2\Graphics\spaceship_assignment\spaceship.cpp(190,7): warning C4305: 'initializing': truncation from 'double' to 'float'
E:\4.2\Graphics\spaceship_assignment\spaceship.cpp(192,1): warning C4305: 'initializing': truncation from 'double' to 'float'
E:\4.2\Graphics\spaceship_assignment\spaceship.cpp(192,7): warning C4305: 'initializing': truncation from 'double' to 'float'
E:\4.2\Graphics\spaceship_assignment\spaceship.cpp(193,1): warning C4305: 'initializing': truncation from 'double' to 'float'
E:\4.2\Graphics\spaceship_assignment\spaceship.cpp(193,7): warning C4305: 'initializing': truncation from 'double' to 'float'
E:\4.2\Graphics\spaceship_assignment\spaceship.cpp(194,1): warning C4305: 'initializing': truncation from 'double' to 'float'
E:\4.2\Graphics\spaceship_assignment\spaceship.cpp(194,7): warning C4305: 'initializing': truncation from 'double' to 'float'
E:\4.2\Graphics\spaceship_assignment\spaceship.cpp(195,1): warning C4305: 'initializing': truncation from 'double' to 'float'
E:\4.2\Graphics\spaceship_assignment\spaceship.cpp(195,7): warning C4305: 'initializing': truncation from 'double' to 'float'
E:\4.2\Graphics\spaceship_assignment\spaceship.cpp(196,1): warning C4305: 'initializing': truncation from 'double' to 'float'
E:\4.2\Graphics\spaceship_assignment\spaceship.cpp(196,7): warning C4305: 'initializing': truncation from 'double' to 'float'
E:\4.2\Graphics\spaceship_assignment\spaceship.cpp(197,1): warning C4305: 'initializing': truncation from 'double' to 'float'
E:\4.2\Graphics\spaceship_assignment\spaceship.cpp(197,7): warning C4305: 'initializing': truncation from 'double' to 'float'
E:\4.2\Graphics\spaceship_assignment\spaceship.cpp(198,1): warning C4305: 'initializing': truncation from 'double' to 'float'
E:\4.2\Graphics\spaceship_assignment\spaceship.cpp(198,7): warning C4305: 'initializing': truncation from 'double' to 'float'
E:\4.2\Graphics\spaceship_assignment\spaceship.cpp(199,1): warning C4305: 'initializing': truncation from 'double' to 'float'
E:\4.2\Graphics\spaceship_assignment\spaceship.cpp(199,7): warning C4305: 'initializing': truncation from 'double' to 'float'
E:\4.2\Graphics\spaceship_assignment\spaceship.cpp(200,1): warning C4305: 'initializing': truncation from 'double' to 'float'
E:\4.2\Graphics\spaceship_assignment\spaceship.cpp(200,6): warning C4305: 'initializing': truncation from 'double' to 'float'
E:\4.2\Graphics\spaceship_assignment\spaceship.cpp(201,1): warning C4305: 'initializing': truncation from 'double' to 'float'
E:\4.2\Graphics\spaceship_assignment\spaceship.cpp(201,6): warning C4305: 'initializing': truncation from 'double' to 'float'
E:\4.2\Graphics\spaceship_assignment\spaceship.cpp(202,1): warning C4305: 'initializing': truncation from 'double' to 'float'
E:\4.2\Graphics\spaceship_assignment\spaceship.cpp(202,7): warning C4305: 'initializing': truncation from 'double' to 'float'
E:\4.2\Graphics\spaceship_assignment\spaceship.cpp(203,1): warning C4305: 'initializing': truncation from 'double' to 'float'
E:\4.2\Graphics\spaceship_assignment\spaceship.cpp(203,7): warning C4305: 'initializing': truncation from 'double' to 'float'
E:\4.2\Graphics\spaceship_assignment\spaceship.cpp(204,1): warning C4305: 'initializing': truncation from 'double' to 'float'
E:\4.2\Graphics\spaceship_assignment\spaceship.cpp(204,7): warning C4305: 'initializing': truncation from 'double' to 'float'
E:\4.2\Graphics\spaceship_assignment\spaceship.cpp(205,1): warning C4305: 'initializing': truncation from 'double' to 'float'
E:\4.2\Graphics\spaceship_assignment\spaceship.cpp(205,7): warning C4305: 'initializing': truncation from 'double' to 'float'
E:\4.2\Graphics\spaceship_assignment\spaceship.cpp(206,1): warning C4305: 'initializing': truncation from 'double' to 'float'
E:\4.2\Graphics\spaceship_assignment\spaceship.cpp(206,7): warning C4305: 'initializing': truncation from 'double' to 'float'
E:\4.2\Graphics\spaceship_assignment\spaceship.cpp(208,1): warning C4305: 'initializing': truncation from 'double' to 'float'
E:\4.2\Graphics\spaceship_assignment\spaceship.cpp(208,7): warning C4305: 'initializing': truncation from 'double' to 'float'
E:\4.2\Graphics\spaceship_assignment\spaceship.cpp(209,1): warning C4305: 'initializing': truncation from 'double' to 'float'
E:\4.2\Graphics\spaceship_assignment\spaceship.cpp(209,7): warning C4305: 'initializing': truncation from 'double' to 'float'
E:\4.2\Graphics\spaceship_assignment\spaceship.cpp(210,1): warning C4305: 'initializing': truncation from 'double' to 'float'
E:\4.2\Graphics\spaceship_assignment\spaceship.cpp(210,7): warning C4305: 'initializing': truncation from 'double' to 'float'
E:\4.2\Graphics\spaceship_assignment\spaceship.cpp(211,1): warning C4305: 'initializing': truncation from 'double' to 'float'
E:\4.2\Graphics\spaceship_assignment\spaceship.cpp(211,7): warning C4305: 'initializing': truncation from 'double' to 'float'
E:\4.2\Graphics\spaceship_assignment\spaceship.cpp(213,1): warning C4305: 'initializing': truncation from 'double' to 'float'
E:\4.2\Graphics\spaceship_assignment\spaceship.cpp(213,7): warning C4305: 'initializing': truncation from 'double' to 'float'
E:\4.2\Graphics\spaceship_assignment\spaceship.cpp(214,1): warning C4305: 'initializing': truncation from 'double' to 'float'
E:\4.2\Graphics\spaceship_assignment\spaceship.cpp(214,7): warning C4305: 'initializing': truncation from 'double' to 'float'
E:\4.2\Graphics\spaceship_assignment\spaceship.cpp(215,1): warning C4305: 'initializing': truncation from 'double' to 'float'
E:\4.2\Graphics\spaceship_assignment\spaceship.cpp(215,7): warning C4305: 'initializing': truncation from 'double' to 'float'
E:\4.2\Graphics\spaceship_assignment\spaceship.cpp(216,1): warning C4305: 'initializing': truncation from 'double' to 'float'
E:\4.2\Graphics\spaceship_assignment\spaceship.cpp(216,7): warning C4305: 'initializing': truncation from 'double' to 'float'
E:\4.2\Graphics\spaceship_assignment\spaceship.cpp(218,1): warning C4305: 'initializing': truncation from 'double' to 'float'
E:\4.2\Graphics\spaceship_assignment\spaceship.cpp(219,1): warning C4305: 'initializing': truncation from 'double' to 'float'
E:\4.2\Graphics\spaceship_assignment\spaceship.cpp(219,7): warning C4305: 'initializing': truncation from 'double' to 'float'
E:\4.2\Graphics\spaceship_assignment\spaceship.cpp(220,1): warning C4305: 'initializing': truncation from 'double' to 'float'
E:\4.2\Graphics\spaceship_assignment\spaceship.cpp(220,7): warning C4305: 'initializing': truncation from 'double' to 'float'
E:\4.2\Graphics\spaceship_assignment\spaceship.cpp(221,1): warning C4305: 'initializing': truncation from 'double' to 'float'
E:\4.2\Graphics\spaceship_assignment\spaceship.cpp(221,7): warning C4305: 'initializing': truncation from 'double' to 'float'
E:\4.2\Graphics\spaceship_assignment\spaceship.cpp(223,1): warning C4305: 'initializing': truncation from 'double' to 'float'
E:\4.2\Graphics\spaceship_assignment\spaceship.cpp(223,8): warning C4305: 'initializing': truncation from 'double' to 'float'
E:\4.2\Graphics\spaceship_assignment\spaceship.cpp(224,1): warning C4305: 'initializing': truncation from 'double' to 'float'
E:\4.2\Graphics\spaceship_assignment\spaceship.cpp(224,8): warning C4305: 'initializing': truncation from 'double' to 'float'
E:\4.2\Graphics\spaceship_assignment\spaceship.cpp(225,1): warning C4305: 'initializing': truncation from 'double' to 'float'
E:\4.2\Graphics\spaceship_assignment\spaceship.cpp(225,8): warning C4305: 'initializing': truncation from 'double' to 'float'
E:\4.2\Graphics\spaceship_assignment\spaceship.cpp(226,1): warning C4305: 'initializing': truncation from 'double' to 'float'
E:\4.2\Graphics\spaceship_assignment\spaceship.cpp(226,8): warning C4305: 'initializing': truncation from 'double' to 'float'
E:\4.2\Graphics\spaceship_assignment\spaceship.cpp(228,1): warning C4305: 'initializing': truncation from 'double' to 'float'
E:\4.2\Graphics\spaceship_assignment\spaceship.cpp(228,8): warning C4305: 'initializing': truncation from 'double' to 'float'
E:\4.2\Graphics\spaceship_assignment\spaceship.cpp(229,1): warning C4305: 'initializing': truncation from 'double' to 'float'
E:\4.2\Graphics\spaceship_assignment\spaceship.cpp(229,8): warning C4305: 'initializing': truncation from 'double' to 'float'
E:\4.2\Graphics\spaceship_assignment\spaceship.cpp(230,1): warning C4305: 'initializing': truncation from 'double' to 'float'
E:\4.2\Graphics\spaceship_assignment\spaceship.cpp(230,8): warning C4305: 'initializing': truncation from 'double' to 'float'
E:\4.2\Graphics\spaceship_assignment\spaceship.cpp(231,1): warning C4305: 'initializing': truncation from 'double' to 'float'
E:\4.2\Graphics\spaceship_assignment\spaceship.cpp(231,8): warning C4305: 'initializing': truncation from 'double' to 'float'
E:\4.2\Graphics\spaceship_assignment\spaceship.cpp(233,1): warning C4305: 'initializing': truncation from 'double' to 'float'
E:\4.2\Graphics\spaceship_assignment\spaceship.cpp(233,8): warning C4305: 'initializing': truncation from 'double' to 'float'
E:\4.2\Graphics\spaceship_assignment\spaceship.cpp(234,1): warning C4305: 'initializing': truncation from 'double' to 'float'
E:\4.2\Graphics\spaceship_assignment\spaceship.cpp(234,8): warning C4305: 'initializing': truncation from 'double' to 'float'
E:\4.2\Graphics\spaceship_assignment\spaceship.cpp(235,1): warning C4305: 'initializing': truncation from 'double' to 'float'
E:\4.2\Graphics\spaceship_assignment\spaceship.cpp(235,8): warning C4305: 'initializing': truncation from 'double' to 'float'
E:\4.2\Graphics\spaceship_assignment\spaceship.cpp(236,1): warning C4305: 'initializing': truncation from 'double' to 'float'
E:\4.2\Graphics\spaceship_assignment\spaceship.cpp(236,7): warning C4305: 'initializing': truncation from 'double' to 'float'
E:\4.2\Graphics\spaceship_assignment\spaceship.cpp(238,1): warning C4305: 'initializing': truncation from 'double' to 'float'
E:\4.2\Graphics\spaceship_assignment\spaceship.cpp(238,8): warning C4305: 'initializing': truncation from 'double' to 'float'
E:\4.2\Graphics\spaceship_assignment\spaceship.cpp(239,1): warning C4305: 'initializing': truncation from 'double' to 'float'
E:\4.2\Graphics\spaceship_assignment\spaceship.cpp(239,7): warning C4305: 'initializing': truncation from 'double' to 'float'
E:\4.2\Graphics\spaceship_assignment\spaceship.cpp(240,1): warning C4305: 'initializing': truncation from 'double' to 'float'
E:\4.2\Graphics\spaceship_assignment\spaceship.cpp(240,8): warning C4305: 'initializing': truncation from 'double' to 'float'
E:\4.2\Graphics\spaceship_assignment\spaceship.cpp(243,1): warning C4305: 'initializing': truncation from 'double' to 'float'
E:\4.2\Graphics\spaceship_assignment\spaceship.cpp(243,8): warning C4305: 'initializing': truncation from 'double' to 'float'
E:\4.2\Graphics\spaceship_assignment\spaceship.cpp(244,1): warning C4305: 'initializing': truncation from 'double' to 'float'
E:\4.2\Graphics\spaceship_assignment\spaceship.cpp(244,8): warning C4305: 'initializing': truncation from 'double' to 'float'
E:\4.2\Graphics\spaceship_assignment\spaceship.cpp(245,1): warning C4305: 'initializing': truncation from 'double' to 'float'
E:\4.2\Graphics\spaceship_assignment\spaceship.cpp(245,8): warning C4305: 'initializing': truncation from 'double' to 'float'
E:\4.2\Graphics\spaceship_assignment\spaceship.cpp(247,1): warning C4305: 'initializing': truncation from 'double' to 'float'
E:\4.2\Graphics\spaceship_assignment\spaceship.cpp(247,8): warning C4305: 'initializing': truncation from 'double' to 'float'
E:\4.2\Graphics\spaceship_assignment\spaceship.cpp(248,1): warning C4305: 'initializing': truncation from 'double' to 'float'
E:\4.2\Graphics\spaceship_assignment\spaceship.cpp(248,8): warning C4305: 'initializing': truncation from 'double' to 'float'
E:\4.2\Graphics\spaceship_assignment\spaceship.cpp(249,1): warning C4305: 'initializing': truncation from 'double' to 'float'
E:\4.2\Graphics\spaceship_assignment\spaceship.cpp(249,8): warning C4305: 'initializing': truncation from 'double' to 'float'
E:\4.2\Graphics\spaceship_assignment\spaceship.cpp(250,1): warning C4305: 'initializing': truncation from 'double' to 'float'
E:\4.2\Graphics\spaceship_assignment\spaceship.cpp(250,8): warning C4305: 'initializing': truncation from 'double' to 'float'
E:\4.2\Graphics\spaceship_assignment\spaceship.cpp(252,1): warning C4305: 'initializing': truncation from 'double' to 'float'
E:\4.2\Graphics\spaceship_assignment\spaceship.cpp(252,8): warning C4305: 'initializing': truncation from 'double' to 'float'
E:\4.2\Graphics\spaceship_assignment\spaceship.cpp(253,1): warning C4305: 'initializing': truncation from 'double' to 'float'
E:\4.2\Graphics\spaceship_assignment\spaceship.cpp(253,8): warning C4305: 'initializing': truncation from 'double' to 'float'
E:\4.2\Graphics\spaceship_assignment\spaceship.cpp(254,1): warning C4305: 'initializing': truncation from 'double' to 'float'
E:\4.2\Graphics\spaceship_assignment\spaceship.cpp(254,8): warning C4305: 'initializing': truncation from 'double' to 'float'
E:\4.2\Graphics\spaceship_assignment\spaceship.cpp(255,1): warning C4305: 'initializing': truncation from 'double' to 'float'
E:\4.2\Graphics\spaceship_assignment\spaceship.cpp(255,8): warning C4305: 'initializing': truncation from 'double' to 'float'
E:\4.2\Graphics\spaceship_assignment\spaceship.cpp(257,1): warning C4305: 'initializing': truncation from 'double' to 'float'
E:\4.2\Graphics\spaceship_assignment\spaceship.cpp(257,8): warning C4305: 'initializing': truncation from 'double' to 'float'
E:\4.2\Graphics\spaceship_assignment\spaceship.cpp(258,1): warning C4305: 'initializing': truncation from 'double' to 'float'
E:\4.2\Graphics\spaceship_assignment\spaceship.cpp(258,8): warning C4305: 'initializing': truncation from 'double' to 'float'
E:\4.2\Graphics\spaceship_assignment\spaceship.cpp(259,1): warning C4305: 'initializing': truncation from 'double' to 'float'
E:\4.2\Graphics\spaceship_assignment\spaceship.cpp(259,8): warning C4305: 'initializing': truncation from 'double' to 'float'
E:\4.2\Graphics\spaceship_assignment\spaceship.cpp(260,1): warning C4305: 'initializing': truncation from 'double' to 'float'
E:\4.2\Graphics\spaceship_assignment\spaceship.cpp(260,8): warning C4305: 'initializing': truncation from 'double' to 'float'
E:\4.2\Graphics\spaceship_assignment\spaceship.cpp(262,1): warning C4305: 'initializing': truncation from 'double' to 'float'
E:\4.2\Graphics\spaceship_assignment\spaceship.cpp(262,8): warning C4305: 'initializing': truncation from 'double' to 'float'
E:\4.2\Graphics\spaceship_assignment\spaceship.cpp(263,1): warning C4305: 'initializing': truncation from 'double' to 'float'
E:\4.2\Graphics\spaceship_assignment\spaceship.cpp(263,7): warning C4305: 'initializing': truncation from 'double' to 'float'
E:\4.2\Graphics\spaceship_assignment\spaceship.cpp(264,1): warning C4305: 'initializing': truncation from 'double' to 'float'
E:\4.2\Graphics\spaceship_assignment\spaceship.cpp(264,8): warning C4305: 'initializing': truncation from 'double' to 'float'
E:\4.2\Graphics\spaceship_assignment\spaceship.cpp(265,1): warning C4305: 'initializing': truncation from 'double' to 'float'
E:\4.2\Graphics\spaceship_assignment\spaceship.cpp(265,7): warning C4305: 'initializing': truncation from 'double' to 'float'
E:\4.2\Graphics\spaceship_assignment\spaceship.cpp(267,1): warning C4305: 'initializing': truncation from 'double' to 'float'
E:\4.2\Graphics\spaceship_assignment\spaceship.cpp(267,8): warning C4305: 'initializing': truncation from 'double' to 'float'
E:\4.2\Graphics\spaceship_assignment\spaceship.cpp(268,1): warning C4305: 'initializing': truncation from 'double' to 'float'
E:\4.2\Graphics\spaceship_assignment\spaceship.cpp(268,8): warning C4305: 'initializing': truncation from 'double' to 'float'
E:\4.2\Graphics\spaceship_assignment\spaceship.cpp(269,1): warning C4305: 'initializing': truncation from 'double' to 'float'
E:\4.2\Graphics\spaceship_assignment\spaceship.cpp(269,8): warning C4305: 'initializing': truncation from 'double' to 'float'
E:\4.2\Graphics\spaceship_assignment\spaceship.cpp(270,1): warning C4305: 'initializing': truncation from 'double' to 'float'
E:\4.2\Graphics\spaceship_assignment\spaceship.cpp(270,8): warning C4305: 'initializing': truncation from 'double' to 'float'
E:\4.2\Graphics\spaceship_assignment\spaceship.cpp(477,28): warning C4305: '+=': truncation from 'double' to 'float'
E:\4.2\Graphics\spaceship_assignment\spaceship.cpp(481,28): warning C4305: '-=': truncation from 'double' to 'float'
E:\4.2\Graphics\spaceship_assignment\spaceship.cpp(485,28): warning C4305: '+=': truncation from 'double' to 'float'
E:\4.2\Graphics\spaceship_assignment\spaceship.cpp(489,28): warning C4305: '-=': truncation from 'double' to 'float'
E:\4.2\Graphics\spaceship_assignment\spaceship.cpp(493,24): warning C4305: '+=': truncation from 'double' to 'float'
E:\4.2\Graphics\spaceship_assignment\spaceship.cpp(497,24): warning C4305: '-=': truncation from 'double' to 'float'
E:\4.2\Graphics\spaceship_assignment\spaceship.cpp(501,24): warning C4305: '+=': truncation from 'double' to 'float'
E:\4.2\Graphics\spaceship_assignment\spaceship.cpp(505,24): warning C4305: '-=': truncation from 'double' to 'float'
  spaceship_assignment.vcxproj -> E:\4.2\Graphics\spaceship_assignment\x64\Debug\spaceship_assignment.exe
